10:18:12 👤 ผู้ป่วย: นางลำภู อักษรคิด
10:18:12 👤 ผู้ป่วย: น.ส.สมใจ พูลทวี
10:18:12 👤 ผู้ป่วย: นายสุทธิ ศรีธาราม
10:18:12 👤 ผู้ป่วย: นายสุทธิ ศรีธาราม
10:18:12 👤 ผู้ป่วย: นายสุทธิ ศรีธาราม
10:18:12 👤 ผู้ป่วย: นายประคอง สุภาพ
10:18:12 👤 ผู้ป่วย: น.ส.มะลิ ตระกูลพงษ์
10:18:12 👤 ผู้ป่วย: น.ส.มะลิ ตระกูลพงษ์
10:18:13 👤 ผู้ป่วย: น.ส.จารุณี รุ่งสิตา
10:18:13 👤 ผู้ป่วย: นางเสี่ยน สุวรรณดำรงชัย
10:18:13 👤 ผู้ป่วย: นางเสี่ยน สุวรรณดำรงชัย
10:18:13 👤 ผู้ป่วย: นายจิณณวัตร ใจเตรียม
10:18:13 👤 ผู้ป่วย: น.ส.ปาริชาติ อินไธสง
10:18:13 👤 ผู้ป่วย: น.ส.ปาริชาติ อินไธสง
10:18:13 👤 ผู้ป่วย: นายวิชัย ทับทิม
10:18:13 👤 ผู้ป่วย: นายพิจิตร สีเม้ม
10:18:13 👤 ผู้ป่วย: ร.ท.ภัตธนสันต์ มีเปี่ยมวุฒิกุล
10:18:13 👤 ผู้ป่วย: ร.ท.ภัตธนสันต์ มีเปี่ยมวุฒิกุล
10:18:13 👤 ผู้ป่วย: นางวันเพ็ญ แสงประทีป
10:18:13 👤 ผู้ป่วย: นางวันเพ็ญ แสงประทีป
10:18:13 👤 ผู้ป่วย: นางสุจิตรา เณรธรณี
10:18:13 👤 ผู้ป่วย: นายวิเชียร ค้ำคูณ
10:18:13 👤 ผู้ป่วย: นายชิด รีวงษ์
10:18:13 👤 ผู้ป่วย: นายรณรงค์ ท้วมเจริญ
10:18:13 👤 ผู้ป่วย: นายรณรงค์ ท้วมเจริญ
10:18:13 👤 ผู้ป่วย: นายรณรงค์ ท้วมเจริญ
10:18:13 👤 ผู้ป่วย: นายจิณณวัตร ใจเตรียม
10:18:13 👤 ผู้ป่วย: นายจิณณวัตร ใจเตรียม
10:18:13 👤 ผู้ป่วย: นางกนิษฐา พานทอง
10:21:14 ผู้ป่วย: น.ส.สมใจ พูลทวี
10:21:14 ผู้ป่วย: นายสุทธิ ศรีธาราม
10:21:14 ผู้ป่วย: นายสุทธิ ศรีธาราม
10:21:14 ผู้ป่วย: นายสุทธิ ศรีธาราม
10:21:14 ผู้ป่วย: นางลำภู อักษรคิด
10:21:15 ผู้ป่วย: นายประคอง สุภาพ
10:21:15 ผู้ป่วย: น.ส.มะลิ ตระกูลพงษ์
10:21:15 ผู้ป่วย: น.ส.มะลิ ตระกูลพงษ์
10:21:15 ผู้ป่วย: น.ส.จารุณี รุ่งสิตา
10:21:15 ผู้ป่วย: นางเสี่ยน สุวรรณดำรงชัย
10:21:15 ผู้ป่วย: นางเสี่ยน สุวรรณดำรงชัย
10:21:15 ผู้ป่วย: นายจิณณวัตร ใจเตรียม
10:21:15 ผู้ป่วย: น.ส.ปาริชาติ อินไธสง
10:21:15 ผู้ป่วย: น.ส.ปาริชาติ อินไธสง
10:21:15 ผู้ป่วย: นายวิชัย ทับทิม
10:21:15 ผู้ป่วย: นายพิจิตร สีเม้ม
10:21:15 ผู้ป่วย: ร.ท.ภัตธนสันต์ มีเปี่ยมวุฒิกุล
10:21:15 ผู้ป่วย: ร.ท.ภัตธนสันต์ มีเปี่ยมวุฒิกุล
10:21:15 ผู้ป่วย: นางวันเพ็ญ แสงประทีป
10:21:15 ผู้ป่วย: นางวันเพ็ญ แสงประทีป
10:21:15 ผู้ป่วย: นายรณรงค์ ท้วมเจริญ
10:21:15 ผู้ป่วย: นายชิด รีวงษ์
10:21:15 ผู้ป่วย: นางสุจิตรา เณรธรณี
10:21:15 ผู้ป่วย: นายวิเชียร ค้ำคูณ
10:21:15 ผู้ป่วย: นายรณรงค์ ท้วมเจริญ
10:21:15 ผู้ป่วย: นายรณรงค์ ท้วมเจริญ
10:21:15 ผู้ป่วย: นายจิณณวัตร ใจเตรียม
10:21:15 ผู้ป่วย: นายจิณณวัตร ใจเตรียม
10:21:15 ผู้ป่วย: นางกนิษฐา พานทอง
13:54:31 ผู้ป่วย: นายสุทธิ ศรีธาราม
13:54:31 ผู้ป่วย: น.ส.สมใจ พูลทวี
13:54:31 ผู้ป่วย: นายสุทธิ ศรีธาราม
13:54:31 ผู้ป่วย: นายสุทธิ ศรีธาราม
13:54:31 ผู้ป่วย: นางลำภู อักษรคิด
13:54:32 ผู้ป่วย: นายประคอง สุภาพ
13:54:32 ผู้ป่วย: น.ส.มะลิ ตระกูลพงษ์
13:54:32 ผู้ป่วย: น.ส.จารุณี รุ่งสิตา
13:54:32 ผู้ป่วย: นางเสี่ยน สุวรรณดำรงชัย
13:54:32 ผู้ป่วย: น.ส.มะลิ ตระกูลพงษ์
13:54:32 ผู้ป่วย: นางเสี่ยน สุวรรณดำรงชัย
13:54:32 ผู้ป่วย: นายจิณณวัตร ใจเตรียม
13:54:32 ผู้ป่วย: น.ส.ปาริชาติ อินไธสง
13:54:32 ผู้ป่วย: น.ส.ปาริชาติ อินไธสง
13:54:32 ผู้ป่วย: นายวิชัย ทับทิม
13:54:32 ผู้ป่วย: นายพิจิตร สีเม้ม
13:54:32 ผู้ป่วย: ร.ท.ภัตธนสันต์ มีเปี่ยมวุฒิกุล
13:54:32 ผู้ป่วย: ร.ท.ภัตธนสันต์ มีเปี่ยมวุฒิกุล
13:54:32 ผู้ป่วย: นางวันเพ็ญ แสงประทีป
13:54:32 ผู้ป่วย: นางวันเพ็ญ แสงประทีป
13:54:32 ผู้ป่วย: นางสุจิตรา เณรธรณี
13:54:32 ผู้ป่วย: นายวิเชียร ค้ำคูณ
13:54:32 ผู้ป่วย: นายชิด รีวงษ์
13:54:32 ผู้ป่วย: นายรณรงค์ ท้วมเจริญ
13:54:32 ผู้ป่วย: นายรณรงค์ ท้วมเจริญ
13:54:32 ผู้ป่วย: นายรณรงค์ ท้วมเจริญ
13:54:32 ผู้ป่วย: นายจิณณวัตร ใจเตรียม
13:54:32 ผู้ป่วย: นายจิณณวัตร ใจเตรียม
13:54:32 ผู้ป่วย: นางกนิษฐา พานทอง
