16:10:27 ผู้ป่วย: น.ส.มะลิ ตระกูลพงษ์
16:10:27 ผู้ป่วย: นางลำภู อักษรคิด
16:10:27 ผู้ป่วย: นายประคอง สุภาพ
16:10:27 ผู้ป่วย: น.ส.มะลิ ตระกูลพงษ์
16:10:27 ผู้ป่วย: นายสุทธิ ศรีธาราม
16:10:27 ผู้ป่วย: นายสุทธิ ศรีธาราม
16:10:27 ผู้ป่วย: น.ส.สมใจ พูลทวี
16:10:27 ผู้ป่วย: นายสุทธิ ศรีธาราม
16:10:27 ผู้ป่วย: ร.ท.ภัตธนสันต์ มีเปี่ยมวุฒิกุล
16:10:27 ผู้ป่วย: ร.ท.ภัตธนสันต์ มีเปี่ยมวุฒิกุล
16:10:27 ผู้ป่วย: นายพิจิตร สีเม้ม
16:10:27 ผู้ป่วย: น.ส.ปาริชาติ อินไธสง
16:10:27 ผู้ป่วย: นายวิชัย ทับทิม
16:10:27 ผู้ป่วย: นายจิณณวัตร ใจเตรียม
16:10:27 ผู้ป่วย: น.ส.ปาริชาติ อินไธสง
16:10:27 ผู้ป่วย: นางเสี่ยน สุวรรณดำรงชัย
16:10:27 ผู้ป่วย: นางเสี่ยน สุวรรณดำรงชัย
16:10:28 ผู้ป่วย: น.ส.จารุณี รุ่งสิตา
16:10:28 ผู้ป่วย: นายจิณณวัตร ใจเตรียม
16:10:28 ผู้ป่วย: นายจิณณวัตร ใจเตรียม
16:10:28 ผู้ป่วย: นายรณรงค์ ท้วมเจริญ
16:10:28 ผู้ป่วย: นายรณรงค์ ท้วมเจริญ
16:10:28 ผู้ป่วย: นายชิด รีวงษ์
16:10:28 ผู้ป่วย: นายรณรงค์ ท้วมเจริญ
16:10:28 ผู้ป่วย: นายวิเชียร ค้ำคูณ
16:10:28 ผู้ป่วย: นางสุจิตรา เณรธรณี
16:10:28 ผู้ป่วย: นางวันเพ็ญ แสงประทีป
16:10:28 ผู้ป่วย: นางวันเพ็ญ แสงประทีป
16:10:28 ผู้ป่วย: นางกนิษฐา พานทอง
16:37:13 ผู้ป่วย: นายประคอง สุภาพ
16:37:13 ผู้ป่วย: น.ส.มะลิ ตระกูลพงษ์
16:37:13 ผู้ป่วย: นายสุทธิ ศรีธาราม
16:37:13 ผู้ป่วย: น.ส.มะลิ ตระกูลพงษ์
16:37:13 ผู้ป่วย: นางลำภู อักษรคิด
16:37:13 ผู้ป่วย: น.ส.สมใจ พูลทวี
16:37:13 ผู้ป่วย: นายสุทธิ ศรีธาราม
16:37:13 ผู้ป่วย: นายสุทธิ ศรีธาราม
16:37:13 ผู้ป่วย: ร.ท.ภัตธนสันต์ มีเปี่ยมวุฒิกุล
16:37:13 ผู้ป่วย: ร.ท.ภัตธนสันต์ มีเปี่ยมวุฒิกุล
16:37:13 ผู้ป่วย: นายพิจิตร สีเม้ม
16:37:13 ผู้ป่วย: น.ส.ปาริชาติ อินไธสง
16:37:13 ผู้ป่วย: นายวิชัย ทับทิม
16:37:13 ผู้ป่วย: นายจิณณวัตร ใจเตรียม
16:37:13 ผู้ป่วย: น.ส.ปาริชาติ อินไธสง
16:37:13 ผู้ป่วย: นางเสี่ยน สุวรรณดำรงชัย
16:37:13 ผู้ป่วย: นางเสี่ยน สุวรรณดำรงชัย
16:37:13 ผู้ป่วย: น.ส.จารุณี รุ่งสิตา
16:37:13 ผู้ป่วย: นายจิณณวัตร ใจเตรียม
16:37:13 ผู้ป่วย: นายจิณณวัตร ใจเตรียม
16:37:13 ผู้ป่วย: นายรณรงค์ ท้วมเจริญ
16:37:13 ผู้ป่วย: นายรณรงค์ ท้วมเจริญ
16:37:13 ผู้ป่วย: นายชิด รีวงษ์
16:37:13 ผู้ป่วย: นายวิเชียร ค้ำคูณ
16:37:13 ผู้ป่วย: นายรณรงค์ ท้วมเจริญ
16:37:13 ผู้ป่วย: นางวันเพ็ญ แสงประทีป
16:37:13 ผู้ป่วย: นางสุจิตรา เณรธรณี
16:37:13 ผู้ป่วย: นางวันเพ็ญ แสงประทีป
16:37:13 ผู้ป่วย: นางกนิษฐา พานทอง
16:37:49 ผู้ป่วย: น.ส.มะลิ ตระกูลพงษ์
16:37:49 ผู้ป่วย: นายประคอง สุภาพ
16:37:49 ผู้ป่วย: นายสุทธิ ศรีธาราม
16:37:49 ผู้ป่วย: น.ส.มะลิ ตระกูลพงษ์
16:37:49 ผู้ป่วย: นางลำภู อักษรคิด
16:37:49 ผู้ป่วย: น.ส.สมใจ พูลทวี
16:37:49 ผู้ป่วย: นายสุทธิ ศรีธาราม
16:37:49 ผู้ป่วย: ร.ท.ภัตธนสันต์ มีเปี่ยมวุฒิกุล
16:37:49 ผู้ป่วย: ร.ท.ภัตธนสันต์ มีเปี่ยมวุฒิกุล
16:37:49 ผู้ป่วย: นายสุทธิ ศรีธาราม
16:37:49 ผู้ป่วย: นายพิจิตร สีเม้ม
16:37:49 ผู้ป่วย: น.ส.ปาริชาติ อินไธสง
16:37:49 ผู้ป่วย: นายวิชัย ทับทิม
16:37:49 ผู้ป่วย: น.ส.ปาริชาติ อินไธสง
16:37:49 ผู้ป่วย: นายจิณณวัตร ใจเตรียม
16:37:50 ผู้ป่วย: นางเสี่ยน สุวรรณดำรงชัย
16:37:50 ผู้ป่วย: นางเสี่ยน สุวรรณดำรงชัย
16:37:50 ผู้ป่วย: น.ส.จารุณี รุ่งสิตา
16:37:50 ผู้ป่วย: นายจิณณวัตร ใจเตรียม
16:37:50 ผู้ป่วย: นายจิณณวัตร ใจเตรียม
16:37:50 ผู้ป่วย: นายรณรงค์ ท้วมเจริญ
16:37:50 ผู้ป่วย: นายรณรงค์ ท้วมเจริญ
16:37:50 ผู้ป่วย: นายรณรงค์ ท้วมเจริญ
16:37:50 ผู้ป่วย: นายชิด รีวงษ์
16:37:50 ผู้ป่วย: นายวิเชียร ค้ำคูณ
16:37:50 ผู้ป่วย: นางวันเพ็ญ แสงประทีป
16:37:50 ผู้ป่วย: นางสุจิตรา เณรธรณี
16:37:50 ผู้ป่วย: นางวันเพ็ญ แสงประทีป
16:37:50 ผู้ป่วย: นางกนิษฐา พานทอง
