09:42:12 ผู้ป่วย: นางเสี่ยน สุวรรณดำรงชัย
09:48:16 ผู้ป่วย: นายชิด รีวงษ์
10:28:34 ผู้ป่วย: นายจิณณวัตร ใจเตรียม
10:28:34 ผู้ป่วย: นายจิณณวัตร ใจเตรียม
10:54:19 ผู้ป่วย: นางลำภู อักษรคิด
11:29:45 ผู้ป่วย: นายวิเชียร ค้ำคูณ
11:46:38 ผู้ป่วย: นางเสี่ยน สุวรรณดำรงชัย
11:54:24 ผู้ป่วย: นางกนิษฐา พานทอง
12:00:15 ผู้ป่วย: นางวันเพ็ญ แสงประทีป
12:15:34 ผู้ป่วย: นางเสี่ยน สุวรรณดำรงชัย
14:13:00 ผู้ป่วย: นายชิด รีวงษ์
14:19:54 ผู้ป่วย: น.ส.ปาริชาติ อินไธสง
14:27:11 ผู้ป่วย: นางเสี่ยน สุวรรณดำรงชัย
14:36:08 ผู้ป่วย: นายจิณณวัตร ใจเตรียม
14:40:07 ผู้ป่วย: นายวิเชียร ค้ำคูณ
14:40:55 ผู้ป่วย: นายรณรงค์ ท้วมเจริญ
14:42:08 ผู้ป่วย: นายจิณณวัตร ใจเตรียม
14:42:50 ผู้ป่วย: นายรณรงค์ ท้วมเจริญ
14:55:31 ผู้ป่วย: นายวิเชียร ค้ำคูณ
15:00:42 ผู้ป่วย: นายจิณณวัตร ใจเตรียม
15:03:21 ผู้ป่วย: นายวิเชียร ค้ำคูณ
15:05:48 ผู้ป่วย: นายจิณณวัตร ใจเตรียม
15:07:29 ผู้ป่วย: นายจิณณวัตร ใจเตรียม
15:08:29 ผู้ป่วย: นายสุทธิ ศรีธาราม
15:09:03 ผู้ป่วย: นายจิณณวัตร ใจเตรียม
15:09:29 ผู้ป่วย: นางสุจิตรา เณรธรณี
15:11:16 ผู้ป่วย: นายสุทธิ ศรีธาราม
15:28:36 ผู้ป่วย: น.ส.ปาริชาติ อินไธสง
