15:51:31 ผู้ป่วย: นายสุทธิ ศรีธาราม
15:51:31 ผู้ป่วย: นายสุทธิ ศรีธาราม
15:51:31 ผู้ป่วย: น.ส.สมใจ พูลทวี
15:51:31 ผู้ป่วย: นางลำภู อักษรคิด
15:51:31 ผู้ป่วย: นายสุทธิ ศรีธาราม
15:51:31 ผู้ป่วย: นายประคอง สุภาพ
15:51:31 ผู้ป่วย: น.ส.มะลิ ตระกูลพงษ์
15:51:31 ผู้ป่วย: น.ส.มะลิ ตระกูลพงษ์
15:51:31 ผู้ป่วย: น.ส.จารุณี รุ่งสิตา
15:51:31 ผู้ป่วย: นางเสี่ยน สุวรรณดำรงชัย
15:51:31 ผู้ป่วย: นางเสี่ยน สุวรรณดำรงชัย
15:51:31 ผู้ป่วย: นายจิณณวัตร ใจเตรียม
15:51:31 ผู้ป่วย: น.ส.ปาริชาติ อินไธสง
15:51:31 ผู้ป่วย: น.ส.ปาริชาติ อินไธสง
15:51:31 ผู้ป่วย: นายวิชัย ทับทิม
15:51:31 ผู้ป่วย: นายพิจิตร สีเม้ม
15:51:31 ผู้ป่วย: ร.ท.ภัตธนสันต์ มีเปี่ยมวุฒิกุล
15:51:31 ผู้ป่วย: ร.ท.ภัตธนสันต์ มีเปี่ยมวุฒิกุล
15:51:32 ผู้ป่วย: นางวันเพ็ญ แสงประทีป
15:51:32 ผู้ป่วย: นางวันเพ็ญ แสงประทีป
15:51:32 ผู้ป่วย: นางสุจิตรา เณรธรณี
15:51:32 ผู้ป่วย: นายวิเชียร ค้ำคูณ
15:51:32 ผู้ป่วย: นายชิด รีวงษ์
15:51:32 ผู้ป่วย: นายรณรงค์ ท้วมเจริญ
15:51:32 ผู้ป่วย: นายรณรงค์ ท้วมเจริญ
15:51:32 ผู้ป่วย: นายรณรงค์ ท้วมเจริญ
15:51:32 ผู้ป่วย: นายจิณณวัตร ใจเตรียม
15:51:32 ผู้ป่วย: นายจิณณวัตร ใจเตรียม
15:51:32 ผู้ป่วย: นางกนิษฐา พานทอง
