15:44:06 ผู้ป่วย: นางลำภู อักษรคิด
15:44:06 ผู้ป่วย: นายสุทธิ ศรีธาราม
15:44:06 ผู้ป่วย: นายสุทธิ ศรีธาราม
15:44:06 ผู้ป่วย: น.ส.สมใจ พูลทวี
15:44:06 ผู้ป่วย: นายสุทธิ ศรีธาราม
15:44:06 ผู้ป่วย: นายประคอง สุภาพ
15:44:06 ผู้ป่วย: น.ส.มะลิ ตระกูลพงษ์
15:44:06 ผู้ป่วย: น.ส.มะลิ ตระกูลพงษ์
15:44:06 ผู้ป่วย: น.ส.จารุณี รุ่งสิตา
15:44:06 ผู้ป่วย: นางเสี่ยน สุวรรณดำรงชัย
15:44:06 ผู้ป่วย: นางเสี่ยน สุวรรณดำรงชัย
15:44:06 ผู้ป่วย: นายจิณณวัตร ใจเตรียม
15:44:06 ผู้ป่วย: น.ส.ปาริชาติ อินไธสง
15:44:06 ผู้ป่วย: น.ส.ปาริชาติ อินไธสง
15:44:06 ผู้ป่วย: นายวิชัย ทับทิม
15:44:06 ผู้ป่วย: ร.ท.ภัตธนสันต์ มีเปี่ยมวุฒิกุล
15:44:06 ผู้ป่วย: ร.ท.ภัตธนสันต์ มีเปี่ยมวุฒิกุล
15:44:06 ผู้ป่วย: นายพิจิตร สีเม้ม
15:44:06 ผู้ป่วย: นางวันเพ็ญ แสงประทีป
15:44:06 ผู้ป่วย: นางวันเพ็ญ แสงประทีป
15:44:06 ผู้ป่วย: นางสุจิตรา เณรธรณี
15:44:06 ผู้ป่วย: นายวิเชียร ค้ำคูณ
15:44:06 ผู้ป่วย: นายชิด รีวงษ์
15:44:06 ผู้ป่วย: นายรณรงค์ ท้วมเจริญ
15:44:06 ผู้ป่วย: นายรณรงค์ ท้วมเจริญ
15:44:06 ผู้ป่วย: นายรณรงค์ ท้วมเจริญ
15:44:06 ผู้ป่วย: นายจิณณวัตร ใจเตรียม
15:44:06 ผู้ป่วย: นายจิณณวัตร ใจเตรียม
15:44:06 ผู้ป่วย: นางกนิษฐา พานทอง
15:45:39 ผู้ป่วย: น.ส.สมใจ พูลทวี
15:45:39 ผู้ป่วย: นายสุทธิ ศรีธาราม
15:45:39 ผู้ป่วย: นางลำภู อักษรคิด
15:45:39 ผู้ป่วย: นายสุทธิ ศรีธาราม
15:45:39 ผู้ป่วย: นายสุทธิ ศรีธาราม
15:45:39 ผู้ป่วย: นายประคอง สุภาพ
15:45:39 ผู้ป่วย: น.ส.มะลิ ตระกูลพงษ์
15:45:39 ผู้ป่วย: น.ส.มะลิ ตระกูลพงษ์
15:45:39 ผู้ป่วย: น.ส.จารุณี รุ่งสิตา
15:45:39 ผู้ป่วย: นางเสี่ยน สุวรรณดำรงชัย
15:45:39 ผู้ป่วย: นางเสี่ยน สุวรรณดำรงชัย
15:45:39 ผู้ป่วย: นายจิณณวัตร ใจเตรียม
15:45:39 ผู้ป่วย: น.ส.ปาริชาติ อินไธสง
15:45:39 ผู้ป่วย: น.ส.ปาริชาติ อินไธสง
15:45:39 ผู้ป่วย: นายวิชัย ทับทิม
15:45:39 ผู้ป่วย: นายพิจิตร สีเม้ม
15:45:39 ผู้ป่วย: ร.ท.ภัตธนสันต์ มีเปี่ยมวุฒิกุล
15:45:39 ผู้ป่วย: ร.ท.ภัตธนสันต์ มีเปี่ยมวุฒิกุล
15:45:39 ผู้ป่วย: นางวันเพ็ญ แสงประทีป
15:45:39 ผู้ป่วย: นางวันเพ็ญ แสงประทีป
15:45:39 ผู้ป่วย: นางสุจิตรา เณรธรณี
15:45:39 ผู้ป่วย: นายวิเชียร ค้ำคูณ
15:45:39 ผู้ป่วย: นายชิด รีวงษ์
15:45:39 ผู้ป่วย: นายรณรงค์ ท้วมเจริญ
15:45:39 ผู้ป่วย: นายรณรงค์ ท้วมเจริญ
15:45:39 ผู้ป่วย: นายรณรงค์ ท้วมเจริญ
15:45:39 ผู้ป่วย: นายจิณณวัตร ใจเตรียม
15:45:39 ผู้ป่วย: นายจิณณวัตร ใจเตรียม
15:45:39 ผู้ป่วย: นางกนิษฐา พานทอง
15:47:53 ผู้ป่วย: นายสุทธิ ศรีธาราม
15:47:53 ผู้ป่วย: นายสุทธิ ศรีธาราม
15:47:53 ผู้ป่วย: น.ส.สมใจ พูลทวี
15:47:53 ผู้ป่วย: นายสุทธิ ศรีธาราม
15:47:53 ผู้ป่วย: นางลำภู อักษรคิด
15:47:53 ผู้ป่วย: นายประคอง สุภาพ
15:47:53 ผู้ป่วย: น.ส.มะลิ ตระกูลพงษ์
15:47:53 ผู้ป่วย: น.ส.มะลิ ตระกูลพงษ์
15:47:53 ผู้ป่วย: นางเสี่ยน สุวรรณดำรงชัย
15:47:53 ผู้ป่วย: น.ส.จารุณี รุ่งสิตา
15:47:53 ผู้ป่วย: นางเสี่ยน สุวรรณดำรงชัย
15:47:53 ผู้ป่วย: นายจิณณวัตร ใจเตรียม
15:47:53 ผู้ป่วย: น.ส.ปาริชาติ อินไธสง
15:47:53 ผู้ป่วย: น.ส.ปาริชาติ อินไธสง
15:47:53 ผู้ป่วย: นายวิชัย ทับทิม
15:47:53 ผู้ป่วย: นายพิจิตร สีเม้ม
15:47:53 ผู้ป่วย: นางวันเพ็ญ แสงประทีป
15:47:53 ผู้ป่วย: ร.ท.ภัตธนสันต์ มีเปี่ยมวุฒิกุล
15:47:53 ผู้ป่วย: ร.ท.ภัตธนสันต์ มีเปี่ยมวุฒิกุล
15:47:53 ผู้ป่วย: นางวันเพ็ญ แสงประทีป
15:47:53 ผู้ป่วย: นางสุจิตรา เณรธรณี
15:47:53 ผู้ป่วย: นายวิเชียร ค้ำคูณ
15:47:54 ผู้ป่วย: นายชิด รีวงษ์
15:47:54 ผู้ป่วย: นายรณรงค์ ท้วมเจริญ
15:47:54 ผู้ป่วย: นายรณรงค์ ท้วมเจริญ
15:47:54 ผู้ป่วย: นายรณรงค์ ท้วมเจริญ
15:47:54 ผู้ป่วย: นางกนิษฐา พานทอง
15:47:54 ผู้ป่วย: นายจิณณวัตร ใจเตรียม
15:47:54 ผู้ป่วย: นายจิณณวัตร ใจเตรียม
15:54:31 ผู้ป่วย: นายสุทธิ ศรีธาราม
15:54:31 ผู้ป่วย: นายสุทธิ ศรีธาราม
15:54:31 ผู้ป่วย: น.ส.สมใจ พูลทวี
15:54:31 ผู้ป่วย: นายสุทธิ ศรีธาราม
15:54:31 ผู้ป่วย: นางลำภู อักษรคิด
15:54:31 ผู้ป่วย: นายประคอง สุภาพ
15:54:31 ผู้ป่วย: น.ส.มะลิ ตระกูลพงษ์
15:54:31 ผู้ป่วย: น.ส.มะลิ ตระกูลพงษ์
15:54:31 ผู้ป่วย: นางเสี่ยน สุวรรณดำรงชัย
15:54:31 ผู้ป่วย: น.ส.จารุณี รุ่งสิตา
15:54:31 ผู้ป่วย: นางเสี่ยน สุวรรณดำรงชัย
15:54:31 ผู้ป่วย: นายจิณณวัตร ใจเตรียม
15:54:31 ผู้ป่วย: น.ส.ปาริชาติ อินไธสง
15:54:31 ผู้ป่วย: น.ส.ปาริชาติ อินไธสง
15:54:31 ผู้ป่วย: นายวิชัย ทับทิม
15:54:31 ผู้ป่วย: นายพิจิตร สีเม้ม
15:54:31 ผู้ป่วย: ร.ท.ภัตธนสันต์ มีเปี่ยมวุฒิกุล
15:54:31 ผู้ป่วย: นางวันเพ็ญ แสงประทีป
15:54:31 ผู้ป่วย: ร.ท.ภัตธนสันต์ มีเปี่ยมวุฒิกุล
15:54:31 ผู้ป่วย: นางวันเพ็ญ แสงประทีป
15:54:31 ผู้ป่วย: นางสุจิตรา เณรธรณี
15:54:31 ผู้ป่วย: นายวิเชียร ค้ำคูณ
15:54:31 ผู้ป่วย: นายรณรงค์ ท้วมเจริญ
15:54:31 ผู้ป่วย: นายชิด รีวงษ์
15:54:31 ผู้ป่วย: นายรณรงค์ ท้วมเจริญ
15:54:31 ผู้ป่วย: นายรณรงค์ ท้วมเจริญ
15:54:31 ผู้ป่วย: นายจิณณวัตร ใจเตรียม
15:54:31 ผู้ป่วย: นายจิณณวัตร ใจเตรียม
15:54:31 ผู้ป่วย: นางกนิษฐา พานทอง
