10:57:24 บันทึกค่า Auto Start เรียบร้อยแล้ว
10:58:04 ผู้ป่วย: นายประคอง สุภาพ
10:58:04 ผู้ป่วย: น.ส.มะลิ ตระกูลพงษ์
10:58:04 ผู้ป่วย: น.ส.มะลิ ตระกูลพงษ์
10:58:04 ✅ บันทึกไฟล์สำเร็จจำนวน 3 ไฟล์
11:02:38 ผู้ป่วย: นางเสี่ยน สุวรรณดำรงชัย
11:02:38 ผู้ป่วย: นางเสี่ยน สุวรรณดำรงชัย
11:02:38 ผู้ป่วย: นายจิณณวัตร ใจเตรียม
11:02:38 ผู้ป่วย: น.ส.ปาริชาติ อินไธสง
11:02:39 ✅ บันทึกไฟล์สำเร็จจำนวน 4 ไฟล์
11:50:54 บันทึกค่า Auto Start เรียบร้อยแล้ว
11:51:16 บันทึกค่า Auto Start เรียบร้อยแล้ว
11:51:55 บันทึกค่า Auto Start เรียบร้อยแล้ว
11:52:05 ผู้ป่วย: ร.ท.ภัตธนสันต์ มีเปี่ยมวุฒิกุล
11:52:05 ผู้ป่วย: นายพิจิตร สีเม้ม
11:52:05 ✅ บันทึกไฟล์สำเร็จจำนวน 2 ไฟล์
12:05:32 บันทึกค่า Auto Start เรียบร้อยแล้ว
12:05:52 ผู้ป่วย: น.ส.ปาริชาติ อินไธสง
12:05:52 ผู้ป่วย: นายจิณณวัตร ใจเตรียม
12:05:52 ผู้ป่วย: นางเสี่ยน สุวรรณดำรงชัย
12:05:52 ผู้ป่วย: นางเสี่ยน สุวรรณดำรงชัย
12:05:52 ✅ บันทึกไฟล์สำเร็จจำนวน 4 ไฟล์
12:06:51 ผู้ป่วย: นายวิเชียร ค้ำคูณ
12:06:52 ผู้ป่วย: นางสุจิตรา เณรธรณี
12:06:52 ผู้ป่วย: นางวันเพ็ญ แสงประทีป
12:06:52 ผู้ป่วย: นางวันเพ็ญ แสงประทีป
12:06:52 ✅ บันทึกไฟล์สำเร็จจำนวน 4 ไฟล์
