09:43:13 ผู้ป่วย: น.ส.มะลิ ตระกูลพงษ์
09:43:13 ผู้ป่วย: น.ส.มะลิ ตระกูลพงษ์
09:43:13 ✅ บันทึกไฟล์สำเร็จจำนวน 2 ไฟล์
09:51:57 ผู้ป่วย: นางกนิษฐา พานทอง
09:51:57 ผู้ป่วย: นางกนิษฐา พานทอง
09:51:57 ผู้ป่วย: นายประคอง สุภาพ
09:51:57 ผู้ป่วย: นายประคอง สุภาพ
09:51:57 ผู้ป่วย: น.ส.มะลิ ตระกูลพงษ์
09:51:57 ผู้ป่วย: น.ส.มะลิ ตระกูลพงษ์
09:51:57 ผู้ป่วย: น.ส.มะลิ ตระกูลพงษ์
09:51:57 ผู้ป่วย: น.ส.มะลิ ตระกูลพงษ์
09:51:57 ผู้ป่วย: น.ส.มะลิ ตระกูลพงษ์
09:51:57 ผู้ป่วย: น.ส.มะลิ ตระกูลพงษ์
09:51:57 ผู้ป่วย: นางลำภู อักษรคิด
09:51:58 ผู้ป่วย: นางลำภู อักษรคิด
09:51:58 ผู้ป่วย: นางลำภู อักษรคิด
09:51:58 ผู้ป่วย: นางลำภู อักษรคิด
09:51:58 ผู้ป่วย: นายประคอง สุภาพ
09:51:58 ผู้ป่วย: นายประคอง สุภาพ
09:51:58 ผู้ป่วย: นายสุทธิ ศรีธาราม
09:51:58 ผู้ป่วย: นายสุทธิ ศรีธาราม
09:51:58 ผู้ป่วย: นายสุทธิ ศรีธาราม
09:51:58 ผู้ป่วย: นายสุทธิ ศรีธาราม
09:51:58 ผู้ป่วย: นายสุทธิ ศรีธาราม
09:51:58 ผู้ป่วย: นายสุทธิ ศรีธาราม
09:51:58 ผู้ป่วย: นายสุทธิ ศรีธาราม
09:51:58 ผู้ป่วย: นายสุทธิ ศรีธาราม
09:51:58 ผู้ป่วย: นายสุทธิ ศรีธาราม
09:51:58 ผู้ป่วย: นายสุทธิ ศรีธาราม
09:51:58 ผู้ป่วย: นายสุทธิ ศรีธาราม
09:51:58 ผู้ป่วย: นายสุทธิ ศรีธาราม
09:51:58 ผู้ป่วย: น.ส.สมใจ พูลทวี
09:51:58 ผู้ป่วย: น.ส.สมใจ พูลทวี
09:51:58 ผู้ป่วย: ร.ท.ภัตธนสันต์ มีเปี่ยมวุฒิกุล
09:51:58 ผู้ป่วย: ร.ท.ภัตธนสันต์ มีเปี่ยมวุฒิกุล
09:51:58 ผู้ป่วย: ร.ท.ภัตธนสันต์ มีเปี่ยมวุฒิกุล
09:51:58 ผู้ป่วย: ร.ท.ภัตธนสันต์ มีเปี่ยมวุฒิกุล
09:51:58 ผู้ป่วย: ร.ท.ภัตธนสันต์ มีเปี่ยมวุฒิกุล
09:51:58 ผู้ป่วย: น.ส.สมใจ พูลทวี
09:51:58 ผู้ป่วย: น.ส.สมใจ พูลทวี
09:51:58 ผู้ป่วย: ร.ท.ภัตธนสันต์ มีเปี่ยมวุฒิกุล
09:51:58 ผู้ป่วย: ร.ท.ภัตธนสันต์ มีเปี่ยมวุฒิกุล
09:51:58 ผู้ป่วย: ร.ท.ภัตธนสันต์ มีเปี่ยมวุฒิกุล
09:51:58 ผู้ป่วย: นายวิชัย ทับทิม
09:51:58 ผู้ป่วย: นายวิชัย ทับทิม
09:51:58 ผู้ป่วย: นายวิชัย ทับทิม
09:51:58 ผู้ป่วย: นายวิชัย ทับทิม
09:51:58 ผู้ป่วย: นายพิจิตร สีเม้ม
09:51:58 ผู้ป่วย: นายพิจิตร สีเม้ม
09:51:58 ผู้ป่วย: นายพิจิตร สีเม้ม
09:51:58 ผู้ป่วย: น.ส.ปาริชาติ อินไธสง
09:51:58 ผู้ป่วย: น.ส.ปาริชาติ อินไธสง
09:51:58 ผู้ป่วย: น.ส.ปาริชาติ อินไธสง
09:51:58 ผู้ป่วย: น.ส.ปาริชาติ อินไธสง
09:51:58 ผู้ป่วย: น.ส.ปาริชาติ อินไธสง
09:51:58 ผู้ป่วย: น.ส.ปาริชาติ อินไธสง
09:51:58 ผู้ป่วย: นางเสี่ยน สุวรรณดำรงชัย
09:51:58 ผู้ป่วย: นางเสี่ยน สุวรรณดำรงชัย
09:51:58 ผู้ป่วย: นางเสี่ยน สุวรรณดำรงชัย
09:51:58 ผู้ป่วย: นางเสี่ยน สุวรรณดำรงชัย
09:51:58 ผู้ป่วย: นางเสี่ยน สุวรรณดำรงชัย
09:51:58 ผู้ป่วย: นางเสี่ยน สุวรรณดำรงชัย
09:51:58 ผู้ป่วย: นายจิณณวัตร ใจเตรียม
09:51:58 ผู้ป่วย: นายจิณณวัตร ใจเตรียม
09:51:58 ผู้ป่วย: นายจิณณวัตร ใจเตรียม
09:51:58 ผู้ป่วย: นายจิณณวัตร ใจเตรียม
09:51:58 ผู้ป่วย: น.ส.ปาริชาติ อินไธสง
09:51:58 ผู้ป่วย: น.ส.ปาริชาติ อินไธสง
09:51:58 ผู้ป่วย: นายจิณณวัตร ใจเตรียม
09:51:58 ผู้ป่วย: นายจิณณวัตร ใจเตรียม
09:51:58 ผู้ป่วย: นายจิณณวัตร ใจเตรียม
09:51:59 ผู้ป่วย: นายจิณณวัตร ใจเตรียม
09:51:59 ผู้ป่วย: นายจิณณวัตร ใจเตรียม
09:51:59 ผู้ป่วย: นายจิณณวัตร ใจเตรียม
09:51:59 ผู้ป่วย: น.ส.จารุณี รุ่งสิตา
09:51:59 ผู้ป่วย: น.ส.จารุณี รุ่งสิตา
09:51:59 ผู้ป่วย: น.ส.จารุณี รุ่งสิตา
09:51:59 ผู้ป่วย: น.ส.จารุณี รุ่งสิตา
09:51:59 ผู้ป่วย: นางเสี่ยน สุวรรณดำรงชัย
09:51:59 ผู้ป่วย: นางเสี่ยน สุวรรณดำรงชัย
09:51:59 ผู้ป่วย: นายรณรงค์ ท้วมเจริญ
09:51:59 ผู้ป่วย: นายรณรงค์ ท้วมเจริญ
09:51:59 ผู้ป่วย: นายรณรงค์ ท้วมเจริญ
09:51:59 ผู้ป่วย: นายรณรงค์ ท้วมเจริญ
09:51:59 ผู้ป่วย: นายรณรงค์ ท้วมเจริญ
09:51:59 ผู้ป่วย: นายรณรงค์ ท้วมเจริญ
09:51:59 ผู้ป่วย: นายรณรงค์ ท้วมเจริญ
09:51:59 ผู้ป่วย: นายรณรงค์ ท้วมเจริญ
09:51:59 ผู้ป่วย: นายรณรงค์ ท้วมเจริญ
09:51:59 ผู้ป่วย: นายจิณณวัตร ใจเตรียม
09:51:59 ผู้ป่วย: นายจิณณวัตร ใจเตรียม
09:51:59 ผู้ป่วย: นายวิเชียร ค้ำคูณ
09:51:59 ผู้ป่วย: นายวิเชียร ค้ำคูณ
09:51:59 ผู้ป่วย: นายวิเชียร ค้ำคูณ
09:51:59 ผู้ป่วย: นายวิเชียร ค้ำคูณ
09:51:59 ผู้ป่วย: นายชิด รีวงษ์
09:51:59 ผู้ป่วย: นายชิด รีวงษ์
09:51:59 ผู้ป่วย: นายชิด รีวงษ์
09:51:59 ผู้ป่วย: นายชิด รีวงษ์
09:51:59 ผู้ป่วย: นายรณรงค์ ท้วมเจริญ
09:51:59 ผู้ป่วย: นายรณรงค์ ท้วมเจริญ
09:51:59 ผู้ป่วย: นายรณรงค์ ท้วมเจริญ
09:51:59 ผู้ป่วย: นางวันเพ็ญ แสงประทีป
09:51:59 ผู้ป่วย: นางวันเพ็ญ แสงประทีป
09:51:59 ผู้ป่วย: นางวันเพ็ญ แสงประทีป
09:51:59 ผู้ป่วย: นางวันเพ็ญ แสงประทีป
09:51:59 ผู้ป่วย: นางวันเพ็ญ แสงประทีป
09:52:00 ผู้ป่วย: นางวันเพ็ญ แสงประทีป
09:52:00 ผู้ป่วย: นางสุจิตรา เณรธรณี
09:52:00 ผู้ป่วย: นางสุจิตรา เณรธรณี
09:52:00 ผู้ป่วย: นางสุจิตรา เณรธรณี
09:52:00 ผู้ป่วย: นางสุจิตรา เณรธรณี
09:52:00 ผู้ป่วย: นางกนิษฐา พานทอง
09:52:00 ผู้ป่วย: นางกนิษฐา พานทอง
09:52:00 ผู้ป่วย: นางวันเพ็ญ แสงประทีป
09:52:00 ผู้ป่วย: นางวันเพ็ญ แสงประทีป
09:52:00 ✅ บันทึกไฟล์สำเร็จจำนวน 113 ไฟล์
