10:22:14 ผู้ป่วย: นายประคอง สุภาพ
10:22:14 ผู้ป่วย: น.ส.มะลิ ตระกูลพงษ์
10:22:14 ผู้ป่วย: น.ส.มะลิ ตระกูลพงษ์
10:22:14 ผู้ป่วย: นางลำภู อักษรคิด
10:22:14 ผู้ป่วย: นายสุทธิ ศรีธาราม
10:22:14 ผู้ป่วย: นายสุทธิ ศรีธาราม
10:22:14 ผู้ป่วย: นายสุทธิ ศรีธาราม
10:22:14 ผู้ป่วย: น.ส.สมใจ พูลทวี
10:22:14 ผู้ป่วย: ร.ท.ภัตธนสันต์ มีเปี่ยมวุฒิกุล
10:22:14 ผู้ป่วย: ร.ท.ภัตธนสันต์ มีเปี่ยมวุฒิกุล
10:22:14 ผู้ป่วย: นายพิจิตร สีเม้ม
10:22:14 ผู้ป่วย: นายวิชัย ทับทิม
10:22:14 ผู้ป่วย: น.ส.ปาริชาติ อินไธสง
10:22:14 ผู้ป่วย: น.ส.ปาริชาติ อินไธสง
10:22:14 ผู้ป่วย: นายจิณณวัตร ใจเตรียม
10:22:14 ผู้ป่วย: นางเสี่ยน สุวรรณดำรงชัย
10:22:14 ผู้ป่วย: นางเสี่ยน สุวรรณดำรงชัย
10:22:14 ผู้ป่วย: น.ส.จารุณี รุ่งสิตา
10:22:14 ผู้ป่วย: นายจิณณวัตร ใจเตรียม
10:22:14 ผู้ป่วย: นายจิณณวัตร ใจเตรียม
10:22:14 ผู้ป่วย: นายรณรงค์ ท้วมเจริญ
10:22:14 ผู้ป่วย: นายรณรงค์ ท้วมเจริญ
10:22:14 ผู้ป่วย: นายรณรงค์ ท้วมเจริญ
10:22:14 ผู้ป่วย: นายชิด รีวงษ์
10:22:14 ผู้ป่วย: นายวิเชียร ค้ำคูณ
10:22:14 ผู้ป่วย: นางสุจิตรา เณรธรณี
10:22:14 ผู้ป่วย: นางวันเพ็ญ แสงประทีป
10:22:14 ผู้ป่วย: นางวันเพ็ญ แสงประทีป
10:22:14 ผู้ป่วย: นางกนิษฐา พานทอง
17:15:25 ผู้ป่วย: นายรณรงค์ ท้วมเจริญ
17:19:30 ผู้ป่วย: น.ส.มะลิ ตระกูลพงษ์
17:19:30 ผู้ป่วย: นางลำภู อักษรคิด
17:19:30 ผู้ป่วย: น.ส.มะลิ ตระกูลพงษ์
17:19:30 ผู้ป่วย: นายสุทธิ ศรีธาราม
17:19:30 ผู้ป่วย: นายประคอง สุภาพ
17:19:31 ผู้ป่วย: นายสุทธิ ศรีธาราม
17:19:31 ผู้ป่วย: นายสุทธิ ศรีธาราม
17:19:31 ผู้ป่วย: น.ส.สมใจ พูลทวี
17:19:31 ผู้ป่วย: ร.ท.ภัตธนสันต์ มีเปี่ยมวุฒิกุล
17:19:31 ผู้ป่วย: ร.ท.ภัตธนสันต์ มีเปี่ยมวุฒิกุล
17:19:31 ผู้ป่วย: นายพิจิตร สีเม้ม
17:19:31 ผู้ป่วย: นายวิชัย ทับทิม
17:19:31 ผู้ป่วย: น.ส.ปาริชาติ อินไธสง
17:19:31 ผู้ป่วย: น.ส.ปาริชาติ อินไธสง
17:19:31 ผู้ป่วย: นายจิณณวัตร ใจเตรียม
17:19:31 ผู้ป่วย: นางเสี่ยน สุวรรณดำรงชัย
17:19:31 ผู้ป่วย: นางเสี่ยน สุวรรณดำรงชัย
17:19:31 ผู้ป่วย: น.ส.จารุณี รุ่งสิตา
17:19:31 ผู้ป่วย: นายจิณณวัตร ใจเตรียม
17:19:31 ผู้ป่วย: นายจิณณวัตร ใจเตรียม
17:19:31 ผู้ป่วย: นายรณรงค์ ท้วมเจริญ
17:19:31 ผู้ป่วย: นายรณรงค์ ท้วมเจริญ
17:19:31 ผู้ป่วย: นายชิด รีวงษ์
17:19:31 ผู้ป่วย: นายวิเชียร ค้ำคูณ
17:19:31 ผู้ป่วย: นางสุจิตรา เณรธรณี
17:19:31 ผู้ป่วย: นางวันเพ็ญ แสงประทีป
17:19:31 ผู้ป่วย: นางวันเพ็ญ แสงประทีป
17:19:31 ผู้ป่วย: นางกนิษฐา พานทอง
17:21:29 ผู้ป่วย: นายประคอง สุภาพ
17:21:29 ผู้ป่วย: น.ส.มะลิ ตระกูลพงษ์
17:21:29 ผู้ป่วย: น.ส.มะลิ ตระกูลพงษ์
17:21:29 ผู้ป่วย: นายสุทธิ ศรีธาราม
17:21:29 ผู้ป่วย: นางลำภู อักษรคิด
17:21:29 ผู้ป่วย: นายสุทธิ ศรีธาราม
17:21:29 ผู้ป่วย: นายสุทธิ ศรีธาราม
17:21:29 ผู้ป่วย: น.ส.สมใจ พูลทวี
17:21:29 ผู้ป่วย: ร.ท.ภัตธนสันต์ มีเปี่ยมวุฒิกุล
17:21:29 ผู้ป่วย: ร.ท.ภัตธนสันต์ มีเปี่ยมวุฒิกุล
17:21:29 ผู้ป่วย: นายพิจิตร สีเม้ม
17:21:29 ผู้ป่วย: นายวิชัย ทับทิม
17:21:29 ผู้ป่วย: น.ส.ปาริชาติ อินไธสง
17:21:29 ผู้ป่วย: น.ส.ปาริชาติ อินไธสง
17:21:29 ผู้ป่วย: นายจิณณวัตร ใจเตรียม
17:21:30 ผู้ป่วย: นางเสี่ยน สุวรรณดำรงชัย
17:21:30 ผู้ป่วย: นางเสี่ยน สุวรรณดำรงชัย
17:21:30 ผู้ป่วย: น.ส.จารุณี รุ่งสิตา
17:21:30 ผู้ป่วย: นายจิณณวัตร ใจเตรียม
17:21:30 ผู้ป่วย: นายจิณณวัตร ใจเตรียม
17:21:30 ผู้ป่วย: นายรณรงค์ ท้วมเจริญ
17:21:30 ผู้ป่วย: นายรณรงค์ ท้วมเจริญ
17:21:30 ผู้ป่วย: นายรณรงค์ ท้วมเจริญ
17:21:30 ผู้ป่วย: นายชิด รีวงษ์
17:21:30 ผู้ป่วย: นายวิเชียร ค้ำคูณ
17:21:30 ผู้ป่วย: นางสุจิตรา เณรธรณี
17:21:30 ผู้ป่วย: นางวันเพ็ญ แสงประทีป
17:21:30 ผู้ป่วย: นางวันเพ็ญ แสงประทีป
17:21:30 ผู้ป่วย: นางกนิษฐา พานทอง
