11:48:36 р╣Др╕бр╣Ир╕Юр╕Ъ Folder:
11:52:59 р╣Др╕бр╣Ир╕Юр╕Ъ Folder:
11:54:41 р╣Др╕бр╣Ир╕Юр╕Ъ Folder:
12:01:18 р╣Др╕бр╣Ир╕Юр╕Ъ Folder:
13:32:42 р╣Др╕бр╣Ир╕Юр╕Ъ Folder:
13:32:57 р╕Ьр╕╣р╣Йр╕Ыр╣Ир╕зр╕в: р╕Щ.р╕к.р╕бр╕░р╕ер╕┤ р╕Хр╕гр╕░р╕Бр╕╣р╕ер╕Юр╕Зр╕йр╣М
13:32:57 р╕Ьр╕╣р╣Йр╕Ыр╣Ир╕зр╕в: р╕Щр╕▓р╕Зр╕ер╕│р╕ар╕╣ р╕нр╕▒р╕Бр╕йр╕гр╕Др╕┤р╕Ф
13:32:57 р╕Ьр╕╣р╣Йр╕Ыр╣Ир╕зр╕в: р╕Щ.р╕к.р╕бр╕░р╕ер╕┤ р╕Хр╕гр╕░р╕Бр╕╣р╕ер╕Юр╕Зр╕йр╣М
13:32:57 р╕Ьр╕╣р╣Йр╕Ыр╣Ир╕зр╕в: р╕Щр╕▓р╕вр╕Ыр╕гр╕░р╕Др╕нр╕З р╕кр╕╕р╕ар╕▓р╕Ю
13:40:39 р╣Др╕бр╣Ир╕Юр╕Ъ Folder:
13:42:55 р╣Др╕бр╣Ир╕Юр╕Ъ Folder:
13:43:54 р╣Др╕бр╣Ир╕Юр╕Ъ Folder:
13:54:30 р╣Др╕бр╣Ир╕Юр╕Ъ Folder:
13:56:09 р╣Др╕бр╣Ир╕Юр╕Ъ Folder:
14:26:56 ЁЯХТ Timer ticked!
14:28:22 ЁЯХТ Timer ticked!
14:28:23 ЁЯХТ Timer ticked!
14:28:24 ЁЯХТ Timer ticked!
14:28:25 ЁЯХТ Timer ticked!
14:28:26 ЁЯХТ Timer ticked!
14:28:27 ЁЯХТ Timer ticked!
14:28:28 ЁЯХТ Timer ticked!
14:28:29 ЁЯХТ Timer ticked!
14:28:30 ЁЯХТ Timer ticked!
14:31:35 ЁЯХТ Timer ticked!
14:31:35 тП│ р╕вр╕▒р╕Зр╣Др╕бр╣Ир╕бр╕╡р╣Др╕Яр╕ер╣Мр╣Гр╕лр╕бр╣И...
14:31:36 ЁЯХТ Timer ticked!
14:31:36 тП│ р╕вр╕▒р╕Зр╣Др╕бр╣Ир╕бр╕╡р╣Др╕Яр╕ер╣Мр╣Гр╕лр╕бр╣И...
14:31:37 ЁЯХТ Timer ticked!
14:31:37 тП│ р╕вр╕▒р╕Зр╣Др╕бр╣Ир╕бр╕╡р╣Др╕Яр╕ер╣Мр╣Гр╕лр╕бр╣И...
14:31:38 ЁЯХТ Timer ticked!
14:31:38 тП│ р╕вр╕▒р╕Зр╣Др╕бр╣Ир╕бр╕╡р╣Др╕Яр╕ер╣Мр╣Гр╕лр╕бр╣И...
14:31:39 ЁЯХТ Timer ticked!
14:31:39 тП│ р╕вр╕▒р╕Зр╣Др╕бр╣Ир╕бр╕╡р╣Др╕Яр╕ер╣Мр╣Гр╕лр╕бр╣И...
14:31:40 ЁЯХТ Timer ticked!
14:31:40 тП│ р╕вр╕▒р╕Зр╣Др╕бр╣Ир╕бр╕╡р╣Др╕Яр╕ер╣Мр╣Гр╕лр╕бр╣И...
14:31:41 ЁЯХТ Timer ticked!
14:31:41 тП│ р╕вр╕▒р╕Зр╣Др╕бр╣Ир╕бр╕╡р╣Др╕Яр╕ер╣Мр╣Гр╕лр╕бр╣И...
14:31:42 ЁЯХТ Timer ticked!
14:31:42 тП│ р╕вр╕▒р╕Зр╣Др╕бр╣Ир╕бр╕╡р╣Др╕Яр╕ер╣Мр╣Гр╕лр╕бр╣И...
14:31:43 ЁЯХТ Timer ticked!
14:31:43 тП│ р╕вр╕▒р╕Зр╣Др╕бр╣Ир╕бр╕╡р╣Др╕Яр╕ер╣Мр╣Гр╕лр╕бр╣И...
14:31:44 ЁЯХТ Timer ticked!
14:31:44 тП│ р╕вр╕▒р╕Зр╣Др╕бр╣Ир╕бр╕╡р╣Др╕Яр╕ер╣Мр╣Гр╕лр╕бр╣И...
14:31:45 ЁЯХТ Timer ticked!
14:31:45 тП│ р╕вр╕▒р╕Зр╣Др╕бр╣Ир╕бр╕╡р╣Др╕Яр╕ер╣Мр╣Гр╕лр╕бр╣И...
14:31:46 ЁЯХТ Timer ticked!
14:31:46 тП│ р╕вр╕▒р╕Зр╣Др╕бр╣Ир╕бр╕╡р╣Др╕Яр╕ер╣Мр╣Гр╕лр╕бр╣И...
14:31:47 ЁЯХТ Timer ticked!
14:31:47 тП│ р╕вр╕▒р╕Зр╣Др╕бр╣Ир╕бр╕╡р╣Др╕Яр╕ер╣Мр╣Гр╕лр╕бр╣И...
14:31:48 ЁЯХТ Timer ticked!
14:31:48 тП│ р╕вр╕▒р╕Зр╣Др╕бр╣Ир╕бр╕╡р╣Др╕Яр╕ер╣Мр╣Гр╕лр╕бр╣И...
14:31:49 ЁЯХТ Timer ticked!
14:31:49 тП│ р╕вр╕▒р╕Зр╣Др╕бр╣Ир╕бр╕╡р╣Др╕Яр╕ер╣Мр╣Гр╕лр╕бр╣И...
14:32:16 тП│ р╕вр╕▒р╕Зр╣Др╕бр╣Ир╕бр╕╡р╣Др╕Яр╕ер╣Мр╣Гр╕лр╕бр╣И...
14:32:17 тП│ р╕вр╕▒р╕Зр╣Др╕бр╣Ир╕бр╕╡р╣Др╕Яр╕ер╣Мр╣Гр╕лр╕бр╣И...
14:32:18 тП│ р╕вр╕▒р╕Зр╣Др╕бр╣Ир╕бр╕╡р╣Др╕Яр╕ер╣Мр╣Гр╕лр╕бр╣И...
14:32:19 тП│ р╕вр╕▒р╕Зр╣Др╕бр╣Ир╕бр╕╡р╣Др╕Яр╕ер╣Мр╣Гр╕лр╕бр╣И...
14:32:20 тП│ р╕вр╕▒р╕Зр╣Др╕бр╣Ир╕бр╕╡р╣Др╕Яр╕ер╣Мр╣Гр╕лр╕бр╣И...
14:32:21 тП│ р╕вр╕▒р╕Зр╣Др╕бр╣Ир╕бр╕╡р╣Др╕Яр╕ер╣Мр╣Гр╕лр╕бр╣И...
14:32:22 тП│ р╕вр╕▒р╕Зр╣Др╕бр╣Ир╕бр╕╡р╣Др╕Яр╕ер╣Мр╣Гр╕лр╕бр╣И...
14:32:23 тП│ р╕вр╕▒р╕Зр╣Др╕бр╣Ир╕бр╕╡р╣Др╕Яр╕ер╣Мр╣Гр╕лр╕бр╣И...
14:32:49 тЬЕ р╕нр╣Ир╕▓р╕Щр╣Бр╕ер╕░р╕Ър╕▒р╕Щр╕Чр╕╢р╕Бр╣Др╕Яр╕ер╣Мр╕Чр╕▒р╣Йр╕Зр╕лр╕бр╕Фр╣Ар╕кр╕гр╣Зр╕Ир╕кр╕┤р╣Йр╕Щ!
14:32:50 тЬЕ р╕нр╣Ир╕▓р╕Щр╣Бр╕ер╕░р╕Ър╕▒р╕Щр╕Чр╕╢р╕Бр╣Др╕Яр╕ер╣Мр╕Чр╕▒р╣Йр╕Зр╕лр╕бр╕Фр╣Ар╕кр╕гр╣Зр╕Ир╕кр╕┤р╣Йр╕Щ!
14:32:51 тЬЕ р╕нр╣Ир╕▓р╕Щр╣Бр╕ер╕░р╕Ър╕▒р╕Щр╕Чр╕╢р╕Бр╣Др╕Яр╕ер╣Мр╕Чр╕▒р╣Йр╕Зр╕лр╕бр╕Фр╣Ар╕кр╕гр╣Зр╕Ир╕кр╕┤р╣Йр╕Щ!
14:32:52 тЬЕ р╕нр╣Ир╕▓р╕Щр╣Бр╕ер╕░р╕Ър╕▒р╕Щр╕Чр╕╢р╕Бр╣Др╕Яр╕ер╣Мр╕Чр╕▒р╣Йр╕Зр╕лр╕бр╕Фр╣Ар╕кр╕гр╣Зр╕Ир╕кр╕┤р╣Йр╕Щ!
14:32:53 тЬЕ р╕нр╣Ир╕▓р╕Щр╣Бр╕ер╕░р╕Ър╕▒р╕Щр╕Чр╕╢р╕Бр╣Др╕Яр╕ер╣Мр╕Чр╕▒р╣Йр╕Зр╕лр╕бр╕Фр╣Ар╕кр╕гр╣Зр╕Ир╕кр╕┤р╣Йр╕Щ!
15:51:24 тЬЕ р╣Вр╕Ыр╕гр╣Бр╕Бр╕гр╕бр╣Ар╕гр╕┤р╣Ир╕бр╕Чр╕│р╕Зр╕▓р╕Щ
15:52:00 р╕Ьр╕╣р╣Йр╕Ыр╣Ир╕зр╕в: р╕Щ.р╕к.р╕кр╕бр╣Гр╕И р╕Юр╕╣р╕ер╕Чр╕зр╕╡
15:52:00 р╕Ьр╕╣р╣Йр╕Ыр╣Ир╕зр╕в: р╕Щр╕▓р╕вр╕кр╕╕р╕Чр╕Шр╕┤ р╕ир╕гр╕╡р╕Шр╕▓р╕гр╕▓р╕б
15:52:00 р╕Ьр╕╣р╣Йр╕Ыр╣Ир╕зр╕в: р╕Щр╕▓р╕вр╕кр╕╕р╕Чр╕Шр╕┤ р╕ир╕гр╕╡р╕Шр╕▓р╕гр╕▓р╕б
15:52:00 р╕Ьр╕╣р╣Йр╕Ыр╣Ир╕зр╕в: р╕Щр╕▓р╕вр╕кр╕╕р╕Чр╕Шр╕┤ р╕ир╕гр╕╡р╕Шр╕▓р╕гр╕▓р╕б
15:52:00 р╕Ьр╕╣р╣Йр╕Ыр╣Ир╕зр╕в: р╕Щр╕▓р╕вр╕Юр╕┤р╕Ир╕┤р╕Хр╕г р╕кр╕╡р╣Ар╕бр╣Йр╕б
15:52:00 тЬЕ р╕Ър╕▒р╕Щр╕Чр╕╢р╕Бр╣Др╕Яр╕ер╣Мр╕кр╕│р╣Ар╕гр╣Зр╕Ир╕Ир╕│р╕Щр╕зр╕Щ 5 р╣Др╕Яр╕ер╣М
15:52:00 р╕Ьр╕╣р╣Йр╕Ыр╣Ир╕зр╕в: р╕г.р╕Ч.р╕ар╕▒р╕Хр╕Шр╕Щр╕кр╕▒р╕Щр╕Хр╣М р╕бр╕╡р╣Ар╕Ыр╕╡р╣Ир╕вр╕бр╕зр╕╕р╕Тр╕┤р╕Бр╕╕р╕е
15:52:00 р╕Ьр╕╣р╣Йр╕Ыр╣Ир╕зр╕в: р╕г.р╕Ч.р╕ар╕▒р╕Хр╕Шр╕Щр╕кр╕▒р╕Щр╕Хр╣М р╕бр╕╡р╣Ар╕Ыр╕╡р╣Ир╕вр╕бр╕зр╕╕р╕Тр╕┤р╕Бр╕╕р╕е
15:52:00 тЬЕ р╕Ър╕▒р╕Щр╕Чр╕╢р╕Бр╣Др╕Яр╕ер╣Мр╕кр╕│р╣Ар╕гр╣Зр╕Ир╕Ир╕│р╕Щр╕зр╕Щ 2 р╣Др╕Яр╕ер╣М
15:54:49 р╕Ьр╕╣р╣Йр╕Ыр╣Ир╕зр╕в: р╕Щр╕▓р╕вр╕Ир╕┤р╕Ур╕Ур╕зр╕▒р╕Хр╕г р╣Гр╕Ир╣Ар╕Хр╕гр╕╡р╕вр╕б
15:54:49 р╕Ьр╕╣р╣Йр╕Ыр╣Ир╕зр╕в: р╕Щр╕▓р╕Зр╕зр╕▒р╕Щр╣Ар╕Юр╣Зр╕Н р╣Бр╕кр╕Зр╕Ыр╕гр╕░р╕Чр╕╡р╕Ы
15:54:49 р╕Ьр╕╣р╣Йр╕Ыр╣Ир╕зр╕в: р╕Щр╕▓р╕Зр╕кр╕╕р╕Ир╕┤р╕Хр╕гр╕▓ р╣Ар╕Ур╕гр╕Шр╕гр╕Ур╕╡
15:54:49 р╕Ьр╕╣р╣Йр╕Ыр╣Ир╕зр╕в: р╕Щр╕▓р╕вр╕зр╕┤р╣Ар╕Кр╕╡р╕вр╕г р╕Др╣Йр╕│р╕Др╕╣р╕У
15:54:49 р╕Ьр╕╣р╣Йр╕Ыр╣Ир╕зр╕в: р╕Щр╕▓р╕вр╕Кр╕┤р╕Ф р╕гр╕╡р╕зр╕Зр╕йр╣М
15:54:49 р╕Ьр╕╣р╣Йр╕Ыр╣Ир╕зр╕в: р╕Щр╕▓р╕вр╕гр╕Ур╕гр╕Зр╕Др╣М р╕Чр╣Йр╕зр╕бр╣Ар╕Ир╕гр╕┤р╕Н
15:54:49 р╕Ьр╕╣р╣Йр╕Ыр╣Ир╕зр╕в: р╕Щр╕▓р╕вр╕гр╕Ур╕гр╕Зр╕Др╣М р╕Чр╣Йр╕зр╕бр╣Ар╕Ир╕гр╕┤р╕Н
15:54:49 р╕Ьр╕╣р╣Йр╕Ыр╣Ир╕зр╕в: р╕Щр╕▓р╕вр╕гр╕Ур╕гр╕Зр╕Др╣М р╕Чр╣Йр╕зр╕бр╣Ар╕Ир╕гр╕┤р╕Н
15:54:49 р╕Ьр╕╣р╣Йр╕Ыр╣Ир╕зр╕в: р╕Щр╕▓р╕вр╕Ир╕┤р╕Ур╕Ур╕зр╕▒р╕Хр╕г р╣Гр╕Ир╣Ар╕Хр╕гр╕╡р╕вр╕б
15:54:49 р╕Ьр╕╣р╣Йр╕Ыр╣Ир╕зр╕в: р╕Щр╕▓р╕Зр╕зр╕▒р╕Щр╣Ар╕Юр╣Зр╕Н р╣Бр╕кр╕Зр╕Ыр╕гр╕░р╕Чр╕╡р╕Ы
15:54:49 тЬЕ р╕Ър╕▒р╕Щр╕Чр╕╢р╕Бр╣Др╕Яр╕ер╣Мр╕кр╕│р╣Ар╕гр╣Зр╕Ир╕Ир╕│р╕Щр╕зр╕Щ 10 р╣Др╕Яр╕ер╣М
16:17:17 р╕Ьр╕╣р╣Йр╕Ыр╣Ир╕зр╕в: р╕Щр╕▓р╕вр╕зр╕┤р╕Кр╕▒р╕в р╕Чр╕▒р╕Ър╕Чр╕┤р╕б
16:17:17 р╕Ьр╕╣р╣Йр╕Ыр╣Ир╕зр╕в: р╕Щ.р╕к.р╕бр╕░р╕ер╕┤ р╕Хр╕гр╕░р╕Бр╕╣р╕ер╕Юр╕Зр╕йр╣М
16:17:17 р╕Ьр╕╣р╣Йр╕Ыр╣Ир╕зр╕в: р╕Щ.р╕к.р╕бр╕░р╕ер╕┤ р╕Хр╕гр╕░р╕Бр╕╣р╕ер╕Юр╕Зр╕йр╣М
16:17:17 тЬЕ р╕Ър╕▒р╕Щр╕Чр╕╢р╕Бр╣Др╕Яр╕ер╣Мр╕кр╕│р╣Ар╕гр╣Зр╕Ир╕Ир╕│р╕Щр╕зр╕Щ 3 р╣Др╕Яр╕ер╣М
16:19:44 р╕Ьр╕╣р╣Йр╕Ыр╣Ир╕зр╕в: р╕Щ.р╕к.р╕бр╕░р╕ер╕┤ р╕Хр╕гр╕░р╕Бр╕╣р╕ер╕Юр╕Зр╕йр╣М
16:19:44 р╕Ьр╕╣р╣Йр╕Ыр╣Ир╕зр╕в: р╕Щ.р╕к.р╕бр╕░р╕ер╕┤ р╕Хр╕гр╕░р╕Бр╕╣р╕ер╕Юр╕Зр╕йр╣М
16:19:44 тЬЕ р╕Ър╕▒р╕Щр╕Чр╕╢р╕Бр╣Др╕Яр╕ер╣Мр╕кр╕│р╣Ар╕гр╣Зр╕Ир╕Ир╕│р╕Щр╕зр╕Щ 2 р╣Др╕Яр╕ер╣М
16:20:30 р╕Ьр╕╣р╣Йр╕Ыр╣Ир╕зр╕в: р╕Щ.р╕к.р╕бр╕░р╕ер╕┤ р╕Хр╕гр╕░р╕Бр╕╣р╕ер╕Юр╕Зр╕йр╣М
16:20:30 р╕Ьр╕╣р╣Йр╕Ыр╣Ир╕зр╕в: р╕Щ.р╕к.р╕бр╕░р╕ер╕┤ р╕Хр╕гр╕░р╕Бр╕╣р╕ер╕Юр╕Зр╕йр╣М
16:20:30 тЬЕ р╕Ър╕▒р╕Щр╕Чр╕╢р╕Бр╣Др╕Яр╕ер╣Мр╕кр╕│р╣Ар╕гр╣Зр╕Ир╕Ир╕│р╕Щр╕зр╕Щ 2 р╣Др╕Яр╕ер╣М
16:20:49 р╕Ьр╕╣р╣Йр╕Ыр╣Ир╕зр╕в: р╕Щ.р╕к.р╕бр╕░р╕ер╕┤ р╕Хр╕гр╕░р╕Бр╕╣р╕ер╕Юр╕Зр╕йр╣М
16:20:49 р╕Ьр╕╣р╣Йр╕Ыр╣Ир╕зр╕в: р╕Щ.р╕к.р╕бр╕░р╕ер╕┤ р╕Хр╕гр╕░р╕Бр╕╣р╕ер╕Юр╕Зр╕йр╣М
16:20:49 тЬЕ р╕Ър╕▒р╕Щр╕Чр╕╢р╕Бр╣Др╕Яр╕ер╣Мр╕кр╕│р╣Ар╕гр╣Зр╕Ир╕Ир╕│р╕Щр╕зр╕Щ 2 р╣Др╕Яр╕ер╣М
16:31:57 р╕Ьр╕╣р╣Йр╕Ыр╣Ир╕зр╕в: р╕Щ.р╕к.р╕бр╕░р╕ер╕┤ р╕Хр╕гр╕░р╕Бр╕╣р╕ер╕Юр╕Зр╕йр╣М
16:31:57 р╕Ьр╕╣р╣Йр╕Ыр╣Ир╕зр╕в: р╕Щ.р╕к.р╕бр╕░р╕ер╕┤ р╕Хр╕гр╕░р╕Бр╕╣р╕ер╕Юр╕Зр╕йр╣М
16:31:57 тЬЕ р╕Ър╕▒р╕Щр╕Чр╕╢р╕Бр╣Др╕Яр╕ер╣Мр╕кр╕│р╣Ар╕гр╣Зр╕Ир╕Ир╕│р╕Щр╕зр╕Щ 2 р╣Др╕Яр╕ер╣М
