11:32:37 ผู้ป่วย: นายประคอง สุภาพ
11:32:37 ผู้ป่วย: น.ส.มะลิ ตระกูลพงษ์
11:32:37 ผู้ป่วย: นางลำภู อักษรคิด
11:32:37 ผู้ป่วย: นายสุทธิ ศรีธาราม
11:32:37 ผู้ป่วย: น.ส.มะลิ ตระกูลพงษ์
11:32:38 ผู้ป่วย: นายสุทธิ ศรีธาราม
11:32:38 ผู้ป่วย: นายสุทธิ ศรีธาราม
11:32:38 ผู้ป่วย: น.ส.สมใจ พูลทวี
11:32:38 ผู้ป่วย: ร.ท.ภัตธนสันต์ มีเปี่ยมวุฒิกุล
11:32:38 ผู้ป่วย: ร.ท.ภัตธนสันต์ มีเปี่ยมวุฒิกุล
11:32:38 ผู้ป่วย: นายพิจิตร สีเม้ม
11:32:38 ผู้ป่วย: นายวิชัย ทับทิม
11:32:38 ผู้ป่วย: น.ส.ปาริชาติ อินไธสง
11:32:38 ผู้ป่วย: น.ส.ปาริชาติ อินไธสง
11:32:38 ผู้ป่วย: นายจิณณวัตร ใจเตรียม
11:32:38 ผู้ป่วย: นางเสี่ยน สุวรรณดำรงชัย
11:32:38 ผู้ป่วย: นางเสี่ยน สุวรรณดำรงชัย
11:32:38 ผู้ป่วย: น.ส.จารุณี รุ่งสิตา
11:32:38 ผู้ป่วย: นายจิณณวัตร ใจเตรียม
11:32:38 ผู้ป่วย: นายจิณณวัตร ใจเตรียม
11:32:38 ผู้ป่วย: นายรณรงค์ ท้วมเจริญ
11:32:38 ผู้ป่วย: นายรณรงค์ ท้วมเจริญ
11:32:38 ผู้ป่วย: นายรณรงค์ ท้วมเจริญ
11:32:38 ผู้ป่วย: นายชิด รีวงษ์
11:32:38 ผู้ป่วย: นายวิเชียร ค้ำคูณ
11:32:38 ผู้ป่วย: นางสุจิตรา เณรธรณี
11:32:38 ผู้ป่วย: นางวันเพ็ญ แสงประทีป
11:32:38 ผู้ป่วย: นางวันเพ็ญ แสงประทีป
11:32:38 ผู้ป่วย: นางกนิษฐา พานทอง
12:02:37 ผู้ป่วย: นายประคอง สุภาพ
12:02:37 ผู้ป่วย: น.ส.มะลิ ตระกูลพงษ์
12:02:37 ผู้ป่วย: นางลำภู อักษรคิด
12:02:37 ผู้ป่วย: นายสุทธิ ศรีธาราม
12:02:37 ผู้ป่วย: น.ส.มะลิ ตระกูลพงษ์
12:02:37 ผู้ป่วย: นายสุทธิ ศรีธาราม
12:02:37 ผู้ป่วย: นายสุทธิ ศรีธาราม
12:02:37 ผู้ป่วย: น.ส.สมใจ พูลทวี
12:02:37 ผู้ป่วย: ร.ท.ภัตธนสันต์ มีเปี่ยมวุฒิกุล
12:02:37 ผู้ป่วย: ร.ท.ภัตธนสันต์ มีเปี่ยมวุฒิกุล
12:02:37 ผู้ป่วย: นายพิจิตร สีเม้ม
12:02:37 ผู้ป่วย: นายวิชัย ทับทิม
12:02:37 ผู้ป่วย: น.ส.ปาริชาติ อินไธสง
12:02:37 ผู้ป่วย: น.ส.ปาริชาติ อินไธสง
12:02:37 ผู้ป่วย: นายจิณณวัตร ใจเตรียม
12:02:37 ผู้ป่วย: นางเสี่ยน สุวรรณดำรงชัย
12:02:37 ผู้ป่วย: นางเสี่ยน สุวรรณดำรงชัย
12:02:37 ผู้ป่วย: น.ส.จารุณี รุ่งสิตา
12:02:37 ผู้ป่วย: นายจิณณวัตร ใจเตรียม
12:02:37 ผู้ป่วย: นายจิณณวัตร ใจเตรียม
12:02:37 ผู้ป่วย: นายรณรงค์ ท้วมเจริญ
12:02:37 ผู้ป่วย: นายรณรงค์ ท้วมเจริญ
12:02:37 ผู้ป่วย: นายรณรงค์ ท้วมเจริญ
12:02:37 ผู้ป่วย: นายชิด รีวงษ์
12:02:37 ผู้ป่วย: นายวิเชียร ค้ำคูณ
12:02:37 ผู้ป่วย: นางสุจิตรา เณรธรณี
12:02:37 ผู้ป่วย: นางวันเพ็ญ แสงประทีป
12:02:37 ผู้ป่วย: นางวันเพ็ญ แสงประทีป
12:02:37 ผู้ป่วย: นางกนิษฐา พานทอง
14:09:08 ผู้ป่วย: น.ส.มะลิ ตระกูลพงษ์
14:09:08 ผู้ป่วย: นายประคอง สุภาพ
14:09:08 ผู้ป่วย: น.ส.มะลิ ตระกูลพงษ์
14:09:08 ผู้ป่วย: นางลำภู อักษรคิด
14:09:08 ผู้ป่วย: นายสุทธิ ศรีธาราม
14:09:08 ผู้ป่วย: นายสุทธิ ศรีธาราม
14:09:08 ผู้ป่วย: นายสุทธิ ศรีธาราม
14:09:08 ผู้ป่วย: น.ส.สมใจ พูลทวี
14:09:08 ผู้ป่วย: ร.ท.ภัตธนสันต์ มีเปี่ยมวุฒิกุล
14:09:08 ผู้ป่วย: ร.ท.ภัตธนสันต์ มีเปี่ยมวุฒิกุล
14:09:08 ผู้ป่วย: นายวิชัย ทับทิม
14:09:08 ผู้ป่วย: นายพิจิตร สีเม้ม
14:09:08 ผู้ป่วย: น.ส.ปาริชาติ อินไธสง
14:09:08 ผู้ป่วย: น.ส.ปาริชาติ อินไธสง
14:09:08 ผู้ป่วย: นายจิณณวัตร ใจเตรียม
14:09:08 ผู้ป่วย: นางเสี่ยน สุวรรณดำรงชัย
14:09:08 ผู้ป่วย: นางเสี่ยน สุวรรณดำรงชัย
14:09:08 ผู้ป่วย: นายจิณณวัตร ใจเตรียม
14:09:08 ผู้ป่วย: น.ส.จารุณี รุ่งสิตา
14:09:08 ผู้ป่วย: นายจิณณวัตร ใจเตรียม
14:09:08 ผู้ป่วย: นายรณรงค์ ท้วมเจริญ
14:09:08 ผู้ป่วย: นายรณรงค์ ท้วมเจริญ
14:09:08 ผู้ป่วย: นายรณรงค์ ท้วมเจริญ
14:09:08 ผู้ป่วย: นายชิด รีวงษ์
14:09:08 ผู้ป่วย: นายวิเชียร ค้ำคูณ
14:09:08 ผู้ป่วย: นางสุจิตรา เณรธรณี
14:09:08 ผู้ป่วย: นางวันเพ็ญ แสงประทีป
14:09:08 ผู้ป่วย: นางวันเพ็ญ แสงประทีป
14:09:08 ผู้ป่วย: นางกนิษฐา พานทอง
14:42:48 ผู้ป่วย: น.ส.มะลิ ตระกูลพงษ์
14:42:48 ผู้ป่วย: น.ส.มะลิ ตระกูลพงษ์
14:42:48 ผู้ป่วย: นางลำภู อักษรคิด
14:42:48 ผู้ป่วย: นายสุทธิ ศรีธาราม
14:42:48 ผู้ป่วย: นายประคอง สุภาพ
14:42:48 ผู้ป่วย: นายสุทธิ ศรีธาราม
14:42:48 ผู้ป่วย: น.ส.สมใจ พูลทวี
14:42:48 ผู้ป่วย: นายสุทธิ ศรีธาราม
14:42:48 ผู้ป่วย: ร.ท.ภัตธนสันต์ มีเปี่ยมวุฒิกุล
14:42:48 ผู้ป่วย: ร.ท.ภัตธนสันต์ มีเปี่ยมวุฒิกุล
14:42:48 ผู้ป่วย: นายพิจิตร สีเม้ม
14:42:48 ผู้ป่วย: น.ส.ปาริชาติ อินไธสง
14:42:48 ผู้ป่วย: นายวิชัย ทับทิม
14:42:48 ผู้ป่วย: นายจิณณวัตร ใจเตรียม
14:42:48 ผู้ป่วย: น.ส.ปาริชาติ อินไธสง
14:42:48 ผู้ป่วย: นางเสี่ยน สุวรรณดำรงชัย
14:42:48 ผู้ป่วย: น.ส.จารุณี รุ่งสิตา
14:42:48 ผู้ป่วย: นางเสี่ยน สุวรรณดำรงชัย
14:42:48 ผู้ป่วย: นายจิณณวัตร ใจเตรียม
14:42:48 ผู้ป่วย: นายจิณณวัตร ใจเตรียม
14:42:48 ผู้ป่วย: นายรณรงค์ ท้วมเจริญ
14:42:48 ผู้ป่วย: นายรณรงค์ ท้วมเจริญ
14:42:48 ผู้ป่วย: นายรณรงค์ ท้วมเจริญ
14:42:48 ผู้ป่วย: นายชิด รีวงษ์
14:42:48 ผู้ป่วย: นายวิเชียร ค้ำคูณ
14:42:48 ผู้ป่วย: นางวันเพ็ญ แสงประทีป
14:42:48 ผู้ป่วย: นางสุจิตรา เณรธรณี
14:42:48 ผู้ป่วย: นางวันเพ็ญ แสงประทีป
14:42:48 ผู้ป่วย: นางกนิษฐา พานทอง
14:49:08 ผู้ป่วย: นางวันเพ็ญ แสงประทีป
14:52:32 ผู้ป่วย: นายชิด รีวงษ์
15:01:51 ผู้ป่วย: นายชิด รีวงษ์
15:01:51 ผู้ป่วย: นางวันเพ็ญ แสงประทีป
15:10:45 ผู้ป่วย: นายประคอง สุภาพ
15:10:45 ผู้ป่วย: น.ส.มะลิ ตระกูลพงษ์
15:18:23 ผู้ป่วย: นายจิณณวัตร ใจเตรียม
15:23:41 ผู้ป่วย: นายวิชัย ทับทิม
15:45:34 ผู้ป่วย: น.ส.ปาริชาติ อินไธสง
16:32:16 ผู้ป่วย: นางเสี่ยน สุวรรณดำรงชัย
