13:33:26 ผู้ป่วย: น.ส.มะลิ ตระกูลพงษ์
13:33:26 ผู้ป่วย: นายประคอง สุภาพ
13:33:26 ผู้ป่วย: นางลำภู อักษรคิด
13:33:26 ผู้ป่วย: นายสุทธิ ศรีธาราม
13:33:26 ผู้ป่วย: น.ส.มะลิ ตระกูลพงษ์
13:33:26 ผู้ป่วย: นายสุทธิ ศรีธาราม
13:33:26 ผู้ป่วย: นายสุทธิ ศรีธาราม
13:33:26 ผู้ป่วย: น.ส.สมใจ พูลทวี
13:33:26 ผู้ป่วย: ร.ท.ภัตธนสันต์ มีเปี่ยมวุฒิกุล
13:33:26 ผู้ป่วย: ร.ท.ภัตธนสันต์ มีเปี่ยมวุฒิกุล
13:33:26 ผู้ป่วย: นายพิจิตร สีเม้ม
13:33:26 ผู้ป่วย: นายวิชัย ทับทิม
13:33:26 ผู้ป่วย: น.ส.ปาริชาติ อินไธสง
13:33:26 ผู้ป่วย: น.ส.ปาริชาติ อินไธสง
13:33:26 ผู้ป่วย: นายจิณณวัตร ใจเตรียม
13:33:26 ผู้ป่วย: นางเสี่ยน สุวรรณดำรงชัย
13:33:26 ผู้ป่วย: นางเสี่ยน สุวรรณดำรงชัย
13:33:26 ผู้ป่วย: น.ส.จารุณี รุ่งสิตา
13:33:26 ผู้ป่วย: นายจิณณวัตร ใจเตรียม
13:33:26 ผู้ป่วย: นายจิณณวัตร ใจเตรียม
13:33:27 ผู้ป่วย: นายรณรงค์ ท้วมเจริญ
13:33:27 ผู้ป่วย: นายรณรงค์ ท้วมเจริญ
13:33:27 ผู้ป่วย: นายรณรงค์ ท้วมเจริญ
13:33:27 ผู้ป่วย: นายชิด รีวงษ์
13:33:27 ผู้ป่วย: นายวิเชียร ค้ำคูณ
13:33:27 ผู้ป่วย: นางสุจิตรา เณรธรณี
13:33:27 ผู้ป่วย: นางวันเพ็ญ แสงประทีป
13:33:27 ผู้ป่วย: นางวันเพ็ญ แสงประทีป
13:33:27 ผู้ป่วย: นางกนิษฐา พานทอง
14:40:22 ผู้ป่วย: น.ส.มะลิ ตระกูลพงษ์
14:40:22 ผู้ป่วย: น.ส.มะลิ ตระกูลพงษ์
14:40:22 ผู้ป่วย: นายประคอง สุภาพ
14:40:22 ผู้ป่วย: นางลำภู อักษรคิด
14:40:22 ผู้ป่วย: นายสุทธิ ศรีธาราม
14:40:22 ผู้ป่วย: นายสุทธิ ศรีธาราม
14:40:22 ผู้ป่วย: น.ส.สมใจ พูลทวี
14:40:22 ผู้ป่วย: นายสุทธิ ศรีธาราม
14:40:22 ผู้ป่วย: ร.ท.ภัตธนสันต์ มีเปี่ยมวุฒิกุล
14:40:22 ผู้ป่วย: ร.ท.ภัตธนสันต์ มีเปี่ยมวุฒิกุล
14:40:22 ผู้ป่วย: นายพิจิตร สีเม้ม
14:40:22 ผู้ป่วย: นายวิชัย ทับทิม
14:40:22 ผู้ป่วย: น.ส.ปาริชาติ อินไธสง
14:40:22 ผู้ป่วย: น.ส.ปาริชาติ อินไธสง
14:40:22 ผู้ป่วย: นายจิณณวัตร ใจเตรียม
14:40:22 ผู้ป่วย: นางเสี่ยน สุวรรณดำรงชัย
14:40:22 ผู้ป่วย: นางเสี่ยน สุวรรณดำรงชัย
14:40:22 ผู้ป่วย: น.ส.จารุณี รุ่งสิตา
14:40:22 ผู้ป่วย: นายจิณณวัตร ใจเตรียม
14:40:22 ผู้ป่วย: นายจิณณวัตร ใจเตรียม
14:40:22 ผู้ป่วย: นายรณรงค์ ท้วมเจริญ
14:40:22 ผู้ป่วย: นายรณรงค์ ท้วมเจริญ
14:40:22 ผู้ป่วย: นายรณรงค์ ท้วมเจริญ
14:40:22 ผู้ป่วย: นายชิด รีวงษ์
14:40:22 ผู้ป่วย: นายวิเชียร ค้ำคูณ
14:40:22 ผู้ป่วย: นางสุจิตรา เณรธรณี
14:40:22 ผู้ป่วย: นางวันเพ็ญ แสงประทีป
14:40:22 ผู้ป่วย: นางวันเพ็ญ แสงประทีป
14:40:22 ผู้ป่วย: นางกนิษฐา พานทอง
14:42:34 ผู้ป่วย: น.ส.มะลิ ตระกูลพงษ์
14:42:34 ผู้ป่วย: นางลำภู อักษรคิด
14:42:34 ผู้ป่วย: น.ส.มะลิ ตระกูลพงษ์
14:42:34 ผู้ป่วย: นายประคอง สุภาพ
14:42:34 ผู้ป่วย: นายสุทธิ ศรีธาราม
14:42:34 ผู้ป่วย: นายสุทธิ ศรีธาราม
14:42:34 ผู้ป่วย: น.ส.สมใจ พูลทวี
14:42:34 ผู้ป่วย: นายสุทธิ ศรีธาราม
14:42:34 ผู้ป่วย: ร.ท.ภัตธนสันต์ มีเปี่ยมวุฒิกุล
14:42:34 ผู้ป่วย: ร.ท.ภัตธนสันต์ มีเปี่ยมวุฒิกุล
14:42:34 ผู้ป่วย: นายวิชัย ทับทิม
14:42:34 ผู้ป่วย: นายพิจิตร สีเม้ม
14:42:34 ผู้ป่วย: น.ส.ปาริชาติ อินไธสง
14:42:34 ผู้ป่วย: น.ส.ปาริชาติ อินไธสง
14:42:34 ผู้ป่วย: นายจิณณวัตร ใจเตรียม
14:42:34 ผู้ป่วย: นางเสี่ยน สุวรรณดำรงชัย
14:42:34 ผู้ป่วย: นางเสี่ยน สุวรรณดำรงชัย
14:42:34 ผู้ป่วย: น.ส.จารุณี รุ่งสิตา
14:42:34 ผู้ป่วย: นายจิณณวัตร ใจเตรียม
14:42:34 ผู้ป่วย: นายจิณณวัตร ใจเตรียม
14:42:34 ผู้ป่วย: นายรณรงค์ ท้วมเจริญ
14:42:34 ผู้ป่วย: นายรณรงค์ ท้วมเจริญ
14:42:34 ผู้ป่วย: นายรณรงค์ ท้วมเจริญ
14:42:34 ผู้ป่วย: นายชิด รีวงษ์
14:42:34 ผู้ป่วย: นายวิเชียร ค้ำคูณ
14:42:34 ผู้ป่วย: นางวันเพ็ญ แสงประทีป
14:42:34 ผู้ป่วย: นางสุจิตรา เณรธรณี
14:42:34 ผู้ป่วย: นางวันเพ็ญ แสงประทีป
14:42:34 ผู้ป่วย: นางกนิษฐา พานทอง
16:11:03 ผู้ป่วย: น.ส.มะลิ ตระกูลพงษ์
16:11:03 ผู้ป่วย: นางลำภู อักษรคิด
16:11:03 ผู้ป่วย: นายสุทธิ ศรีธาราม
16:11:03 ผู้ป่วย: นายประคอง สุภาพ
16:11:03 ผู้ป่วย: น.ส.มะลิ ตระกูลพงษ์
16:11:03 ผู้ป่วย: นายสุทธิ ศรีธาราม
16:11:03 ผู้ป่วย: น.ส.สมใจ พูลทวี
16:11:03 ผู้ป่วย: นายสุทธิ ศรีธาราม
16:11:03 ผู้ป่วย: ร.ท.ภัตธนสันต์ มีเปี่ยมวุฒิกุล
16:11:03 ผู้ป่วย: ร.ท.ภัตธนสันต์ มีเปี่ยมวุฒิกุล
16:11:03 ผู้ป่วย: นายพิจิตร สีเม้ม
16:11:03 ผู้ป่วย: นายวิชัย ทับทิม
16:11:03 ผู้ป่วย: น.ส.ปาริชาติ อินไธสง
16:11:03 ผู้ป่วย: น.ส.ปาริชาติ อินไธสง
16:11:03 ผู้ป่วย: นายจิณณวัตร ใจเตรียม
16:11:03 ผู้ป่วย: นางเสี่ยน สุวรรณดำรงชัย
16:11:03 ผู้ป่วย: นางเสี่ยน สุวรรณดำรงชัย
16:11:03 ผู้ป่วย: น.ส.จารุณี รุ่งสิตา
16:11:03 ผู้ป่วย: นายจิณณวัตร ใจเตรียม
16:11:03 ผู้ป่วย: นายจิณณวัตร ใจเตรียม
16:11:03 ผู้ป่วย: นายรณรงค์ ท้วมเจริญ
16:11:03 ผู้ป่วย: นายรณรงค์ ท้วมเจริญ
16:11:03 ผู้ป่วย: นายรณรงค์ ท้วมเจริญ
16:11:03 ผู้ป่วย: นายชิด รีวงษ์
16:11:03 ผู้ป่วย: นายวิเชียร ค้ำคูณ
16:11:03 ผู้ป่วย: นางสุจิตรา เณรธรณี
16:11:03 ผู้ป่วย: นางวันเพ็ญ แสงประทีป
16:11:03 ผู้ป่วย: นางกนิษฐา พานทอง
16:11:03 ผู้ป่วย: นางวันเพ็ญ แสงประทีป
